{
  "RSpec": {
    "coverage": {
      "/Users/Camron/Desktop/Craft Academy/checkout-challenge/checkout_challenge/spec/checkout_spec.rb": [
        1,
        0,
        null,
        0,
        null,
        0,
        0,
        null,
        null,
        null,
        null,
        null,
        null,
        null
      ],
      "/Users/Camron/Desktop/Craft Academy/checkout-challenge/checkout_challenge/lib/checkout.rb": [
        null,
        null,
        null,
        null,
        null,
        null,
        null,
        null,
        null,
        null,
        null,
        null,
        null,
        null,
        null,
        null,
        null,
        null,
        null,
        null,
        null,
        null,
        null,
        null,
        null,
        null,
        null,
        null,
        null,
        null,
        null,
        null,
        null,
        null,
        null,
        null,
        null,
        null,
        null,
        null,
        null,
        null
      ]
    },
    "timestamp": 1541083409
  }
}
