{
  "RSpec": {
    "coverage": {
      "/Users/Camron/Desktop/Craft Academy/checkout-challenge/checkout_challenge/spec/checkout_spec.rb": [
        1,
        1,
        null,
        1,
        null,
        1,
        1,
        null,
        null,
        null,
        null,
        null,
        null,
        null
      ],
      "/Users/Camron/Desktop/Craft Academy/checkout-challenge/checkout_challenge/lib/checkout.rb": [
        1,
        1,
        null,
        1,
        1,
        1,
        null,
        null,
        1,
        1,
        null,
        null,
        1,
        2,
        null,
        null,
        1,
        null,
        1,
        2,
        null,
        null,
        null,
        null,
        null,
        null,
        null,
        null,
        null,
        null,
        null,
        null,
        null,
        null,
        null,
        null,
        null,
        null,
        null
      ],
      "/Users/Camron/Desktop/Craft Academy/checkout-challenge/checkout_challenge/lib/product.rb": [
        1,
        null,
        1,
        null,
        1,
        0,
        0,
        null,
        null,
        null
      ]
    },
    "timestamp": 1541096604
  }
}
